1596138154933	mozrunner::runner	INFO	Running command: "C:\\Program Files\\Mozilla Firefox\\firefox.exe" "-marionette" "-foreground" "-no-remote" "-profile" "C:\\Users\\dbuzvag\\AppData\\Local\\Temp\\rust_mozprofilehTkx0S"
JavaScript error: resource://gre/modules/XULStore.jsm, line 66: Error: Can't find profile directory.
1596138160877	Marionette	INFO	Listening on port 53693
1596138160962	Marionette	WARN	TLS certificate errors will be ignored for this session
JavaScript error: resource://services-settings/RemoteSettingsClient.jsm, line 115: Error: Unknown callback
JavaScript error: resource://activity-stream/lib/ActivityStreamPrefs.jsm, line 27: NS_ERROR_ILLEGAL_VALUE: Component returned failure code: 0x80070057 (NS_ERROR_ILLEGAL_VALUE) [nsIPrefBranch.removeObserver]
JavaScript error: resource://gre/modules/Sqlite.jsm, line 921: Error: Connection is not open.
JavaScript error: resource://gre/modules/IndexedDB.jsm, line 370: UnknownError: IDBDatabase.transaction: Can't start IndexedDB transaction during shutdown
1596138176001	Marionette	INFO	Stopped listening on port 53693

###!!! [Child][RunMessage] Error: Channel closing: too late to send/recv, messages will be lost


###!!! [Child][MessageChannel::SendAndWait] Error: Channel error: cannot send/recv

1596140345752	mozrunner::runner	INFO	Running command: "C:\\Program Files\\Mozilla Firefox\\firefox.exe" "-marionette" "-foreground" "-no-remote" "-profile" "C:\\Users\\dbuzvag\\AppData\\Local\\Temp\\rust_mozprofileQ0OvlT"
JavaScript error: resource://gre/modules/XULStore.jsm, line 66: Error: Can't find profile directory.
1596140356071	Marionette	INFO	Listening on port 53913
1596140356427	Marionette	WARN	TLS certificate errors will be ignored for this session
console.error: "Store does not have a valid reducer. Make sure the argument passed to combineReducers is an object whose values are reducers."
console.error: "Store does not have a valid reducer. Make sure the argument passed to combineReducers is an object whose values are reducers."
JavaScript error: , line 0: AbortError: A request was aborted, for example through a call to IDBTransaction.abort.
1596140825878	Marionette	INFO	Stopped listening on port 53913

###!!! [Child][RunMessage] Error: Channel closing: too late to send/recv, messages will be lost


###!!! [Child][MessageChannel::SendAndWait] Error: Channel error: cannot send/recv

e file " (new Error("_initWorker called too early! Please read the session file from disk first.", "resource:///modules/sessionstore/SessionFile.jsm", 375)) "_initWorker/<@resource:///modules/sessionstore/SessionFile.jsm:375:15\n_initWorker@resource:///modules/sessionstore/SessionFile.jsm:368:12\n_postToWorker@resource:///modules/sessionstore/SessionFile.jsm:410:16\nwrite@resource:///modules/sessionstore/SessionFile.jsm:448:24\nwrite@resource:///modules/sessionstore/SessionFile.jsm:75:32\n_writeState@resource:///modules/sessionstore/SessionSaver.jsm:360:24\n_saveState@resource:///modules/sessionstore/SessionSaver.jsm:294:17\n_saveStateAsync@resource:///modules/sessionstore/SessionSaver.jsm:344:10\nsaveStateAsyncWhenIdle@resource:///modules/sessionstore/SessionSaver.jsm:191:14\ncallback@resource://gre/modules/Timer.jsm:127:16\n"
1596140813375	Marionette	INFO	Listening on port 53978
1596140814491	Marionette	WARN	TLS certificate errors will be ignored for this session
console.error: "Store does not have a valid reducer. Make sure the argument passed to combineReducers is an object whose values are reducers."
1596141306087	Marionette	INFO	Stopped listening on port 53978

###!!! [Child][RunMessage] Error: Channel closing: too late to send/recv, messages will be lost


###!!! [Child][MessageChannel::SendAndWait] Error: Channel error: cannot send/recv

1596141342473	mozrunner::runner	INFO	Running command: "C:\\Program Files\\Mozilla Firefox\\firefox.exe" "-marionette" "-foreground" "-no-remote" "-profile" "C:\\Users\\dbuzvag\\AppData\\Local\\Temp\\rust_mozprofileebXI8V"
JavaScript error: resource://gre/modules/XULStore.jsm, line 66: Error: Can't find profile directory.
1596141347421	Marionette	INFO	Listening on port 54055
1596141347889	Marionette	WARN	TLS certificate errors will be ignored for this session
console.error: "Store does not have a valid reducer. Make sure the argument passed to combineReducers is an object whose values are reducers."
console.error: "Store does not have a valid reducer. Make sure the argument passed to combineReducers is an object whose values are reducers."
1596141594872	Marionette	INFO	Stopped listening on port 54055

###!!! [Child][RunMessage] Error: Channel closing: too late to send/recv, messages will be lost


###!!! [Child][MessageChannel::SendAndWait] Error: Channel error: cannot send/recv

1596141643658	mozrunner::runner	INFO	Running command: "C:\\Program Files\\Mozilla Firefox\\firefox.exe" "-marionette" "-foreground" "-no-remote" "-profile" "C:\\Users\\dbuzvag\\AppData\\Local\\Temp\\rust_mozprofilemykCJR"
JavaScript error: resource://gre/modules/XULStore.jsm, line 66: Error: Can't find profile directory.
1596141649120	Marionette	INFO	Listening on port 54120
1596141649173	Marionette	WARN	TLS certificate errors will be ignored for this session
1596141822914	Marionette	INFO	Stopped listening on port 54120

###!!! [Child][RunMessage] Error: Channel closing: too late to send/recv, messages will be lost


###!!! [Child][MessageChannel::SendAndWait] Error: Channel error: cannot send/recv

1596141832906	mozrunner::runner	INFO	Running command: "C:\\Program Files\\Mozilla Firefox\\firefox.exe" "-marionette" "-foreground" "-no-remote" "-profile" "C:\\Users\\dbuzvag\\AppData\\Local\\Temp\\rust_mozprofile952aC8"
JavaScript error: resource://gre/modules/XULStore.jsm, line 66: Error: Can't find profile directory.
1596141838090	Marionette	INFO	Listening on port 54171
1596141838315	Marionette	WARN	TLS certificate errors will be ignored for this session
1596141846020	Marionette	INFO	Stopped listening on port 54171
JavaScript error: resource://gre/modules/UrlClassifierListManager.jsm, line 691: TypeError: this.tablesData[table] is undefined

###!!! [Child][RunMessage] Error: Channel closing: too late to send/recv, messages will be lost

1596141865715	mozrunner::runner	INFO	Running command: "C:\\Program Files\\Mozilla Firefox\\firefox.exe" "-marionette" "-foreground" "-no-remote" "-profile" "C:\\Users\\dbuzvag\\AppData\\Local\\Temp\\rust_mozprofileZ6Szma"
JavaScript error: resource://gre/modules/XULStore.jsm, line 66: Error: Can't find profile directory.
1596141870812	Marionette	INFO	Listening on port 54212
1596141871151	Marionette	WARN	TLS certificate errors will be ignored for this session
1596141877730	Marionette	INFO	Stopped listening on port 54212
JavaScript error: resource://gre/modules/UrlClassifierListManager.jsm, line 691: TypeError: this.tablesData[table] is undefined

###!!! [Child][MessageChannel::SendAndWait] Error: Channel error: cannot send/recv

1596141919157	mozrunner::runner	INFO	Running command: "C:\\Program Files\\Mozilla Firefox\\firefox.exe" "-marionette" "-foreground" "-no-remote" "-profile" "C:\\Users\\dbuzvag\\AppData\\Local\\Temp\\rust_mozprofiletWve6o"
JavaScript error: resource://gre/modules/XULStore.jsm, line 66: Error: Can't find profile directory.
1596141924249	Marionette	INFO	Listening on port 54255
1596141924567	Marionette	WARN	TLS certificate errors will be ignored for this session
1596141940728	Marionette	INFO	Stopped listening on port 54255

###!!! [Child][RunMessage] Error: Channel closing: too late to send/recv, messages will be lost


###!!! [Child][MessageChannel::SendAndWait] Error: Channel error: cannot send/recv

1596141950367	mozrunner::runner	INFO	Running command: "C:\\Program Files\\Mozilla Firefox\\firefox.exe" "-marionette" "-foreground" "-no-remote" "-profile" "C:\\Users\\dbuzvag\\AppData\\Local\\Temp\\rust_mozprofilekffcv1"
JavaScript error: resource://gre/modules/XULStore.jsm, line 66: Error: Can't find profile directory.
1596141955566	Marionette	INFO	Listening on port 54295
1596141955821	Marionette	WARN	TLS certificate errors will be ignored for this session
1596141962719	Marionette	INFO	Stopped listening on port 54295
JavaScript error: resource://gre/modules/UrlClassifierListManager.jsm, line 691: TypeError: this.tablesData[table] is undefined

###!!! [Child][RunMessage] Error: Channel closing: too late to send/recv, messages will be lost


###!!! [Child][MessageChannel::SendAndWait] Error: Channel error: cannot send/recv

1596143448975	mozrunner::runner	INFO	Running command: "C:\\Program Files\\Mozilla Firefox\\firefox.exe" "-marionette" "-foreground" "-no-remote" "-profile" "C:\\Users\\dbuzvag\\AppData\\Local\\Temp\\rust_mozprofileoaX669"
JavaScript error: resource://gre/modules/XULStore.jsm, line 66: Error: Can't find profile directory.
1596143454447	Marionette	INFO	Listening on port 54380
1596143454495	Marionette	WARN	TLS certificate errors will be ignored for this session
1596143491318	Marionette	INFO	Stopped listening on port 54380

###!!! [Child][RunMessage] Error: Channel closing: too late to send/recv, messages will be lost

1596143494815	mozrunner::runner	INFO	Running command: "C:\\Program Files\\Mozilla Firefox\\firefox.exe" "-marionette" "-foreground" "-no-remote" "-profile" "C:\\Users\\dbuzvag\\AppData\\Local\\Temp\\rust_mozprofileBaBkpH"
JavaScript error: resource://gre/modules/XULStore.jsm, line 66: Error: Can't find profile directory.
1596143499730	Marionette	INFO	Listening on port 54426
1596143500232	Marionette	WARN	TLS certificate errors will be ignored for this session
1596143642182	Marionette	INFO	Stopped listening on port 54426

###!!! [Child][RunMessage] Error: Channel closing: too late to send/recv, messages will be lost

rs\\dbuzvag\\AppData\\Local\\Temp\\rust_mozprofileMG3ka7"
JavaScript error: resource://gre/modules/XULStore.jsm, line 66: Error: Can't find profile directory.
1596143646229	Marionette	INFO	Listening on port 54485
1596143646530	Marionette	WARN	TLS certificate errors will be ignored for this session
1596145369604	Marionette	INFO	Stopped listening on port 54485

###!!! [Child][RunMessage] Error: Channel closing: too late to send/recv, messages will be lost


###!!! [Child][MessageChannel::SendAndWait] Error: Channel error: cannot send/recv

1596145380935	mozrunner::runner	INFO	Running command: "C:\\Program Files\\Mozilla Firefox\\firefox.exe" "-marionette" "-foreground" "-no-remote" "-profile" "C:\\Users\\dbuzvag\\AppData\\Local\\Temp\\rust_mozprofile63F2ul"
JavaScript error: resource://gre/modules/XULStore.jsm, line 66: Error: Can't find profile directory.
1596145386056	Marionette	INFO	Listening on port 54561
1596145386359	Marionette	WARN	TLS certificate errors will be ignored for this session
1596145395465	Marionette	INFO	Stopped listening on port 54561
JavaScript error: resource://gre/modules/UrlClassifierListManager.jsm, line 691: TypeError: this.tablesData[table] is undefined

###!!! [Child][RunMessage] Error: Channel closing: too late to send/recv, messages will be lost


###!!! [Child][MessageChannel::SendAndWait] Error: Channel error: cannot send/recv

1596145484308	mozrunner::runner	INFO	Running command: "C:\\Program Files\\Mozilla Firefox\\firefox.exe" "-marionette" "-foreground" "-no-remote" "-profile" "C:\\Users\\dbuzvag\\AppData\\Local\\Temp\\rust_mozprofileNt4ply"
JavaScript error: resource://gre/modules/XULStore.jsm, line 66: Error: Can't find profile directory.
1596145488869	Marionette	INFO	Listening on port 54604
1596145489231	Marionette	WARN	TLS certificate errors will be ignored for this session
JavaScript error: resource://gre/modules/AsyncShutdown.jsm, line 697: Error: Phase "Sqlite.jsm: wait until all connections are closed" is finished, it is too late to register completion condition "protections.sqlite#0: waiting for shutdown"
JavaScript error: , line 0: AbortError: A request was aborted, for example through1596145722846	Marionette	INFO	Listening on port 54669
1596145723230	Marionette	WARN	TLS certificate errors will be ignored for this session
1596145745080	Marionette	INFO	Stopped listening on port 54669

###!!! [Child][RunMessage] Error: Channel closing: too late to send/recv, messages will be lost

1596145754236	mozrunner::runner	INFO	Running command: "C:\\Program Files\\Mozilla Firefox\\firefox.exe" "-marionette" "-foreground" "-no-remote" "-profile" "C:\\Users\\dbuzvag\\AppData\\Local\\Temp\\rust_mozprofileWHGrBe"
JavaScript error: resource://gre/modules/XULStore.jsm, line 66: Error: Can't find profile directory.
1596145759043	Marionette	INFO	Listening on port 54718
1596145759169	Marionette	WARN	TLS certificate errors will be ignored for this session
1596145805810	Marionette	INFO	Stopped listening on port 54718

###!!! [Child][RunMessage] Error: Channel closing: too late to send/recv, messages will be lost

rs\\dbuzvag\\AppData\\Local\\Temp\\rust_mozprofileX7Ex4L"
JavaScript error: resource://gre/modules/XULStore.jsm, line 66: Error: Can't find profile directory.
1596145810206	Marionette	INFO	Listening on port 54763
1596145810710	Marionette	WARN	TLS certificate errors will be ignored for this session
1596145863644	Marionette	INFO	Stopped listening on port 54763

###!!! [Child][RunMessage] Error: Channel closing: too late to send/recv, messages will be lost


###!!! [Child][MessageChannel::SendAndWait] Error: Channel error: cannot send/recv

1596145866985	mozrunner::runner	INFO	Running command: "C:\\Program Files\\Mozilla Firefox\\firefox.exe" "-marionette" "-foreground" "-no-remote" "-profile" "C:\\Users\\dbuzvag\\AppData\\Local\\Temp\\rust_mozprofileHR8ykw"
JavaScript error: resource://gre/modules/XULStore.jsm, line 66: Error: Can't find profile directory.
1596145872719	Marionette	INFO	Listening on port 54812
1596145873004	Marionette	WARN	TLS certificate errors will be ignored for this session
JavaScript error: resource://gre/modules/UpdateTimerManager.jsm, line 352: TypeError: setting getter-only property "gLogEnabled"
JavaScript error: resource://gre/modules/ModulesPing.jsm, line 70: NS_ERROR_XPC_JAVASCRIPT_ERROR_WITH_DETAILS: [JavaScript Error: "setting getter-only property "gLogEnabled"" {file: "resource://gre/modules/UpdateTimerManager.jsm" line: 352}]'[JavaScript Error: "setting getter-only property "gLogEnabled"" {file: "resource://gre/modules/UpdateTimerManager.jsm" line: 352}]' when calling method: [nsIUpdateTimerManager::registerTimer]
JavaScript error: , line 0: UnknownError: The operation failed for reasons unrelated to the database itself and not covered by any other error code.
1596145929713	Marionette	INFO	Stopped listening on port 54812

###!!! [Child][MessageChannel::SendAndWait] Error: Channel error: cannot send/recv

1596146075588	mozrunner::runner	INFO	Running command: "C:\\Program Files\\Mozilla Firefox\\firefox.exe" "-marionette" "-foreground" "-no-remote" "-profile" "C:\\Users\\dbuzvag\\AppData\\Local\\Temp\\rust_mozprofilel90N03"
JavaScript error: resource://gre/modules/XULStore.jsm, line 66: Error: Can't find profile directory.
1596146081096	Marionette	INFO	Listening on port 54869
1596146081158	Marionette	WARN	TLS certificate errors will be ignored for this session
1596146092016	Marionette	INFO	Stopped listening on port 54869

###!!! [Child][RunMessage] Error: Channel closing: too late to send/recv, messages will be lost


###!!! [Child][MessageChannel::SendAndWait] Error: Channel error: cannot send/recv

1596146113727	mozrunner::runner	INFO	Running command: "C:\\Program Files\\Mozilla Firefox\\firefox.exe" "-marionette" "-foreground" "-no-remote" "-profile" "C:\\Users\\dbuzvag\\AppData\\Local\\Temp\\rust_mozprofilenihQq9"
JavaScript error: resource://gre/modules/XULStore.jsm, line 66: Error: Can't find profile directory.
1596146118739	Marionette	INFO	Listening on port 54909
JavaScript error: resource://gre/modules/UrlClassifierListManager.jsm, line 691: TypeError: this.tablesData[table] is undefined
1596146129239	Marionette	INFO	Stopped listening on port 54909

###!!! [Child][RunMessage] Error: Channel closing: too late to send/recv, messages will be lost


###!!! [Child][MessageChannel::SendAndWait] Error: Channel error: cannot send/recv

1596146133525	mozrunner::runner	INFO	Running command: "C:\\Program Files\\Mozilla Firefox\\firefox.exe" "-marionette" "-foreground" "-no-remote" "-profile" "C:\\Users\\dbuzvag\\AppData\\Local\\Temp\\rust_mozprofileRXGO3U"
JavaScript error: resource://gre/modules/XULStore.jsm, line 66: Error: Can't find profile directory.
1596146139038	Marionette	INFO	Listening on port 54942
1596146139524	Marionette	WARN	TLS certificate errors will be ignored for this session
1596146203560	Marionette	INFO	Stopped listening on port 54942

###!!! [Child][RunMessage] Error: Channel closing: too late to send/recv, messages will be lost


###!!! [Child][MessageChannel::SendAndWait] Error: Channel error: cannot send/recv

1596146212221	mozrunner::runner	INFO	Running command: "C:\\Program Files\\Mozilla Firefox\\firefox.exe" "-marionette" "-foreground" "-no-remote" "-profile" "C:\\Users\\dbuzvag\\AppData\\Local\\Temp\\rust_mozprofilepRJqC3"
JavaScript error: resource://gre/modules/XULStore.jsm, line 66: Error: Can't find profile directory.
1596146217230	Marionette	INFO	Listening on port 54993
1596146217641	Marionette	WARN	TLS certificate errors will be ignored for this session
1596146282124	Marionette	INFO	Stopped listening on port 54993

###!!! [Child][RunMessage] Error: Channel closing: too late to send/recv, messages will be lost


###!!! [Child][MessageChannel::SendAndWait] Error: ChannJavaScript error: resource://gre/modules/XULStore.jsm, line 66: Error: Can't find profile directory.
1596146286583	Marionette	INFO	Listening on port 55041
1596146286969	Marionette	WARN	TLS certificate errors will be ignored for this session
1596146364223	Marionette	INFO	Stopped listening on port 55041

###!!! [Child][RunMessage] Error: Channel closing: too late to send/recv, messages will be lost

[Parent 2376, Gecko_IOThread] WARNING: pipe error: 232: file /builds/worker/checkouts/gecko/ipc/chromium/src/chrome/common/ipc_channel_win.cc, line 522
tory.
1596146367675	Marionette	INFO	Listening on port 55091
1596146368071	Marionette	WARN	TLS certificate errors will be ignored for this session
1596146401608	mozrunner::runner	INFO	Running command: "C:\\Program Files\\Mozilla Firefox\\firefox.exe" "-marionette" "-foreground" "-no-remote" "-profile" "C:\\Users\\dbuzvag\\AppData\\Local\\Temp\\rust_mozprofileAQUxwX"
JavaScript error: resource://gre/modules/XULStore.jsm, line 66: Error: Can't find profile directory.
1596146407523	Marionette	INFO	Listening on port 55135
1596146407617	Marionette	WARN	TLS certificate errors will be ignored for this session
JavaScript error: resource://gre/modules/IndexedDB.jsm, line 370: UnknownError: IDBDatabase.transaction: Can't start IndexedDB transaction during shutdown
1596146493757	Marionette	INFO	Stopped listening on port 55135

###!!! [Child][RunMessage] Error: Channel closing: too late to send/recv, messages will be lost


##1596146496285	Marionette	INFO	Listening on port 55183
1596146496775	Marionette	WARN	TLS certificate errors will be ignored for this session
1596146518438	mozrunner::runner	INFO	Running command: "C:\\Program Files\\Mozilla Firefox\\firefox.exe" "-marionette" "-foregrounconsole.error: (new Error("SessionFile is closed", "resource:///modules/sessionstore/SessionFile.jsm", 433))
1596146531547	Marionette	INFO	Stopped listening on port 55183

###!!! [Child][RunMeconsole.error: Region.jsm: "Failed to fetch region" (new TypeError("NetworkError when attempting to fetch resource.", ""))
console.error: "Could not write session state file " (new Error("_initWorker called too early! Please read the session file from disk first.", "resource:///modules/sessionstore/SessionFile.jsm", 375)) "_initWorker/<@resource:///modules/sessionstore/SessionFile.jsm:375:15\n_initWorker@resource:///modules/sessionstore/SessionFile.jsm:368:12\n_postToWorker@resource:///modules/sessionstore/SessionFile.jsm:410:16\nwrite@resource:///modules/sessionstore/SessionFile.jsm:448:24\nwrite@resource:///modules/sessionstore/SessionFile.jsm:75:32\n_writeState@resource:///modules/sessionstore/SessionSaver.jsm:360:24\n_saveState@resource:///modules/sessionstore/SessionSaver.jsm:294:17\n_saveStateAsync@resource:///modules/sessionstore/SessionSaver.jsm:344:10\nsaveStateAsyncWhenIdle@resource:///modules/sessionstore/SessionSaver.jsm:191:14\ncallback@resource://gre/modules/Timer.jsm:127:16\n"
console.log: "RemoteSettingsWorker error: Error: Can't import when we've started shutting down."
console.log: "RemoteSettingsWorker error: Error: Can't import when we've started shutting down."
JavaScript error: resource://gre/modules/JSONFile.jsm, line 173: Error: Data is not ready.
JavaScript error: , line 0: uncaught exception: 2147500036
JavaScript error: , line 0: uncaught exception: 2147500036

###!!! [Child][RunMessage] Error: Channel closing: too late to send/recv, messages will be lost


###!!! [Child][MessageChannel::SendAndWait] Error: Channel error: cannot send/recv

1596146554878	mozrunner::runner	INFO	Running command: "C:\\Program Files\\Mozilla Firefox\\firefox.exe" "-marionette" "-foreground" "-no-remote" "-profile" "C:\\Users\\dbuzvag\\AppData\\Local\\Temp\\rust_mozprofileSRHwFq"
JavaScript error: resource://gre/modules/XULStore.jsm, line 66: Error: Can't find profile directory.
1596146560185	Marionette	INFO	Listening on port 55274
1596146560334	Marionette	WARN	TLS certificate errors will be ignored for this session
1596146652702	mozrunner::runner	INFO	Running command: "C:\\Program Files\\Mozilla Firefox\\firefox.exe" "-marionette1596146652742	Marionette	INFO	Stopped listening on port 55274

###!!! [Child][RunMessage] Error: ChannelJavaScript error: resource://gre/modules/XULStore.jsm, line 66: Error: Can't find profile directory.
1596146659121	Marionette	INFO	Listening on port 55327
1596146659225	Marionette	WARN	TLS certificate errors will be ignored for this session
1596146697281	mozrunner::runner	INFO	Running command: "C:\\Program Files\\Mozilla Firefox\\firefox.exe" "-marionette" "-foreground" "-no-remote" "-profile" "C:\\Users\\dbuzvag\\AppData\\Local\\Temp\\rust_mozprofileDVglCs"
JavaScript error: resource://gre/modules/XULStore.jsm, line 66: Error: Can't find profile directory.
1596146702947	Marionette	INFO	Listening on port 55367
1596146703311	Marionette	WARN	TLS certificate errors will be ignored for this session
1596146806453	mozrunner::runner	INFO	Running command: "C:\\Program Files\\Mozilla Firefox\\firefox.exe" "-marionette" "-foreground" "-no-remote" "-pro1596146806778	Marionette	INFO	Stopped listening on port 55367

###!!! JavaScript error: resource://gre/modules/XULStore.jsm, line 66: Error: Can't find profile directory.
1596146811918	Marionette	INFO	Listening on port 55418
1596146811992	Marionette	WARN	TLS certificate errors will be ignored for this session
1596146876191	Marionette	INFO	Stopped listening on port 55418

###!!! [Child][RunMessage] Error: Channel closing: too late to send/recv, messages will be lost


###!!! [Child][MessageChannel::SendAndWait] Error: Channel error: cannot send/recv

1596146989629	mozrunner::runner	INFO	Running command: "C:\\Program Files\\Mozilla Firefox\\firefox.exe" "-marionette" "-foreground" "-no-remote" "-profile" "C:\\Users\\dbuzvag\\AppData\\Local\\Temp\\rust_mozprofileXnaWfD"
JavaScript error: resource://gre/modules/XULStore.jsm, line 66: Error: Can't find profile directory.
1596146995023	Marionette	INFO	Listening on port 55480
1596146995082	Marionette	WARN	TLS certificate errors will be ignored for this session
1596147174957	Marionette	INFO	Stopped listening on port 55480

###!!! [Child][RunMessage] Error: Channel closing: too late to send/recv, messages will be lost


###!!! [Child][MessageChannel::SendAndWait] Error: Channel error: cannot send/recv

1596147180462	mozrunner::runner	INFO	Running command: "C:\\Program Files\\Mozilla Firefox\\firefox.exe" "-marionette" "-foreground" "-no-remote" "-profile" "C:\\Users\\dbuzvag\\AppData\\Local\\Temp\\rust_mozprofileumRs45"
JavaScript error: resource://gre/modules/XULStore.jsm, line 66: Error: Can't find profile directory.
1596147186916	Marionette	INFO	Listening on port 55536
1596147186991	Marionette	WARN	TLS certificate errors will be ignored for this session
1596147198310	Marionette	INFO	Stopped listening on port 55536

###!!! [Child][RunMessage] Error: Channel closing: too late to send/recv, messages will be lost

1596147224590	mozrunner::runner	INFO	Running command: "C:\\Program Files\\Mozilla Firefox\\firefox.exe" "-marionette" "-foreground" "-no-remote" "-profile" "C:\\Users\\dbuzvag\\AppData\\Local\\Temp\\rust_mozprofile62e04w"
JavaScript error: resource://gre/modules/XULStore.jsm, line 66: Error: Can't find profile directory.
1596147229571	Marionette	INFO	Listening on port 55579
1596147230003	Marionette	WARN	TLS certificate errors will be ignored for this session
1596147241809	Marionette	INFO	Stopped listening on port 55579

###!!! [Child][RunMessage] Error: Channel closing: too late to send/recv, messages will be lost

[Parent 4392, Gecko_IOThread] WARNING: pipe error: 232: file /builds/worker/checkouts/gecko/ipc/chromium/src/chrome/common/ipc_channel_win.cc, line 522
1596149480827	mozrunner::runner	INFO	Running command: "C:\\Program Files\\Mozilla Firefox\\firefox.exe" "-marionette" "-foreground" "-no-remote" "-profile" "C:\\Users\\dbuzvag\\AppData\\Local\\Temp\\rust_mozprofile6KGBld"
JavaScript error: resource://gre/modules/XULStore.jsm, line 66: Error: Can't find profile directory.
1596149487731	Marionette	INFO	Listening on port 55848
1596149487962	Marionette	WARN	TLS certificate errors will be ignored for this session
1596149496611	Marionette	INFO	Stopped listening on port 55848
JavaScript error: resource://gre/modules/UrlClassifierListManager.jsm, line 691: TypeError: this.tablesData[table] is undefined

###!!! [Child][RunMessage] Error: Channel closing: too late to send/recv, messages will be lost

1596149769388	mozrunner::runner	INFO	Running command: "C:\\Program Files\\Mozilla Firefox\\firefox.exe" "-marionette" "-foreground" "-no-remote" "-profile" "C:\\Users\\dbuzvag\\AppData\\Local\\Temp\\rust_mozprofileifk0Ml"
JavaScript error: resource://gre/modules/XULStore.jsm, line 66: Error: Can't find profile directory.
1596149773670	Marionette	INFO	Listening on port 55918
1596149773712	Marionette	WARN	TLS certificate errors will be ignored for this session
1596149793187	Marionette	INFO	Stopped listening on port 55918

###!!! [Child][RunMessage] Error: Channel closing: too late to send/recv, messages will be lost


###!!! [Child][MessageChannel::SendAndWait] Error: Channel error: cannot send/recv

1596150151540	mozrunner::runner	INFO	Running command: "C:\\Program Files\\Mozilla Firefox\\firefox.exe" "-marionette" "-foreground" "-no-remote" "-profile" "C:\\Users\\dbuzvag\\AppData\\Local\\Temp\\rust_mozprofilewLMMyB"
JavaScript error: resource://gre/modules/XULStore.jsm, line 66: Error: Can't find profile directory.
1596150157009	Marionette	INFO	Listening on port 56004
1596150157052	Marionette	WARN	TLS certificate errors will be ignored for this session
1596150207185	Marionette	INFO	Stopped listening on port 56004

###!!! [Child][RunMessage] Error: Channel closing: too late to send/recv, messages will be lost


###!!! [Child][MessageChannel::SendAndWait] Error: Channel error: cannot send/recv

1596150213423	mozrunner::runner	INFO	Running command: "C:\\Program Files\\Mozilla Firefox\\firefox.exe" "-marionette" "-foreground" "-no-remote" "-profile" "C:\\Users\\dbuzvag\\AppData\\Local\\Temp\\rust_mozprofilekRx71h"
JavaScript error: resource://gre/modules/XULStore.jsm, line 66: Error: Can't find profile directory.
1596150219215	Marionette	INFO	Listening on port 56052
1596150219429	Marionette	WARN	TLS certificate errors will be ignored for this session
1596150267848	Marionette	INFO	Stopped listening on port 56052

###!!! [Child][RunMessage] Error: Channel closing: too late to send/recv, messages will be lost


###!!! [Child][MessageChannel::SendAndWait] Error: Channel error: cannot send/recv

1596150287992	mozrunner::runner	INFO	Running command: "C:\\Program Files\\Mozilla Firefox\\firefox.exe" "-marionette" "-foreground" "-no-remote" "-profile" "C:\\Users\\dbuzvag\\AppData\\Local\\Temp\\rust_mozprofilemarkoI"
JavaScript error: resource://gre/modules/XULStore.jsm, line 66: Error: Can't find profile directory.
1596150293211	Marionette	INFO	Listening on port 56099
1596150293414	Marionette	WARN	TLS certificate errors will be ignored for this session
console.error: (new Error("SessionFile is closed", "resource:///modules/sessionstore/SessionFile.jsm", 433))
1596150342742	Marionette	INFO	Stopped listening on port 56099

###!!! [Child][RunMessage] Error: Channel closing: too late to send/recv, messages will be lost

[Parent 4356, Gecko_IOThread] WARNING: pipe error: 232: file /builds/worker/checkouts/gecko/ipc/chromium/src/chrome/common/ipc_channel_win.cc, line 522

###!!! [Child][MessageChannel::SendAndWait] Error: Channel error: cannot send/recv

m", 375)) "_initWorker/<@resource:///modules/sessionstore/SessionFile.jsm:375:15\n_initWorker@resource:///modules/sessionstore/SessionFile.jsm:368:12\n_postToWorker@resource:///modules/sessionstore/SessionFile.jsm:410:16\nwrite@resource:///modules/sessionstore/SessionFile.jsm:448:24\nwrite@resource:///modules/sessionstore/SessionFile.jsm:75:32\n_writeState@resource:///modules/sessionstore/SessionSaver.jsm:360:24\n_saveState@resource:///modules/sessionstore/SessionSaver.jsm:294:17\n_saveStateAsync@resource:///modules/sessionstore/SessionSaver.jsm:344:10\nsaveStateAsyncWhenIdle@resource:///modules/sessionstore/SessionSaver.jsm:191:14\ncallback@resource://gre/modules/Timer.jsm:127:16\n"
1596150317328	Marionette	INFO	Listening on port 56141
1596150317603	Marionette	WARN	TLS certificate errors will be ignored for this session
JavaScript error: resource://services-settings/RemoteSettingsClient.jsm, line 115: Error: Unknown callback
JavaScript error: resource://gre/modules/UrlClassifierListManager.jsm, line 691: TypeError: this.tablesData[table] is undefined
1596150346563	Marionette	INFO	Stopped listening on port 56141

###!!! [Child][RunMessage] Error: Channel closing: too late to send/recv, messages will be lost


###!!! [Child][MessageChannel::SendAndWait] Error: Channel error: cannot send/recv

1596150350626	mozrunner::runner	INFO	Running command: "C:\\Program Files\\Mozilla Firefox\\firefox.exe" "-marionette" "-foreground" "-no-remote" "-profile" "C:\\Users\\dbuzvag\\AppData\\Local\\Temp\\rust_mozprofilegFMjKh"
JavaScript error: resource://gre/modules/XULStore.jsm, line 66: Error: Can't find profile directory.
1596150355859	Marionette	INFO	Listening on port 56190
1596150356023	Marionette	WARN	TLS certificate errors will be ignored for this session
1596150364920	Marionette	INFO	Stopped listening on port 56190
JavaScript error: resource://gre/modules/UrlClassifierListManager.jsm, line 691: TypeError: this.tablesData[table] is undefined

###!!! [Child][RunMessage] Error: Channel closing: too late to send/recv, messages will be lost

1596150681582	mozrunner::runner	INFO	Running command: "C:\\Program Files\\Mozilla Firefox\\firefox.exe" "-marionette" "-foreground" "-no-remote" "-profile" "C:\\Users\\dbuzvag\\AppData\\Local\\Temp\\rust_mozprofileeynqN1"
JavaScript error: resource://gre/modules/XULStore.jsm, line 66: Error: Can't find profile directory.
1596150686270	Marionette	INFO	Listening on port 56277
1596150686574	Marionette	WARN	TLS certificate errors will be ignored for this session
1596150712844	mozrunner::runner	INFO	Running command: "C:\\Program Files\\Mozilla Firefox\\firefox.exe" "-marionette" "-foreground" "-no-remote" "-profile" "C:\\Users\\dbuzvag\\AppData\\Local\\Temp\\rust_mozprofiles5kR92"
JavaScript error: resource://gre/modules/XULStore.jsm, line 66: Error: Can't find profile directory.
1596150718244	Marionette	INFO	Listening on port 56321
1596150718964	Marionette	WARN	TLS certificate errors will be ignored for this session
console.error: "Store does not have a valid reducer. Make sure the argument passed to combineReducers is an object whose values are reducers."
JavaScript error: , line 0: AbortError: A request was aborted, for example through a call to IDBTransaction.abort.
1596150828447	Marionette	INFO	Stopped listening on port 56321

###!!! [Child][RunMessage] Error: Channel closing: too late to send/recv, messages will be lost


###!!! [Child][MessageChannel::SendAndWait] Error: Channel error: cannot send/recv

1596150832562	mozrunner::runner	INFO	Running command: "C:\\Program Files\\Mozilla Firefox\\firefox.exe" "-marionette" "-foreground" "-no-remote" "-profile" "C:\\Users\\dbuzvag\\AppData\\Local\\Temp\\rust_mozprofilejQ4Gh7"
JavaScript error: resource://gre/modules/XULStore.jsm, line 66: Error: Can't find profile directory.
1596150837897	Marionette	INFO	Listening on port 56376
[Parent 5444, Gecko_IOThread] WARNING: file /builds/worker/checkouts/gecko/ipc/chromium/src/base/process_util_win.cc, line 166
1596150853392	mozrunner::runner	INFO	Running command: "C:\\Program Files\\Mozilla Firefox\\firefox.exe" "-marionette" "-foreground" "-no-remote" "-profile" "C:\\Users\\dbuzvag\\AppData\\Local\\Temp\\rust_mozprofilejMR5qp"
JavaScript error: resource://gre/modules/XULStore.jsm, line 66: Error: Can't find profile directory.
1596150859185	Marionette	INFO	Listening on port 56414
1596150859408	Marionette	WARN	TLS certificate errors will be ignored for this session
1596150894755	mozrunner::runner	INFO	Running command: "C:\\Program Files\\Mozilla Firefox\\firefox.exe" "-marionette" "-foreground" "-no-remote" "-profile" "C:\\Users\\dbuzvag\\AppData\\Local\\Temp\\rust_mozprofileeMVmlm"
JavaScript error: resource://gre/modules/XULStore.jsm, line 66: Error: Can't find profile directory.
1596150900224	Marionette	INFO	Listening on port 56461
1596150900287	Marionette	WARN	TLS certificate errors will be ignored for this session
1596150930533	mozrunner::runner	INFO	Running command: "C:\\Program Files\\Mozilla Firefox\\firefox.exe" "-marionette" "-foreground" "-no-remote" "-profile" "C:\\Users\\dbuzvag\\AppData\\Local\\Temp\\rust_mozprofileUdVdJN"
JavaScript error: resource://gre/modules/XULStore.jsm, line 66: Error: Can't find profile directory.
1596150935791	Marionette	INFO	Listening on port 56502
1596150935972	Marionette	WARN	TLS certificate errors will be ignored for this session
JavaScript error: , line 0: AbortError: A request was aborted, for example through a call to IDBTransaction.abort.
1596151028304	Marionette	INFO	Stopped listening on port 56502

###!!! [Child][RunMessage] Error: Channel closing: too late to send/recv, messages will be lost

1596151037114	mozrunner::runner	INFO	Running command: "C:\\Program Files\\Mozilla Firefox\\firefox.exe" "-marionette" "-foreground" "-no-remote" "-profile" "C:\\Users\\dbuzvag\\AppData\\Local\\Temp\\rust_mozprofileNwT3xX"
JavaScript error: resource://gre/modules/XULStore.jsm, line 66: Error: Can't find profile directory.
1596151042967	Marionette	INFO	Listening on port 56586
1596151043142	Marionette	WARN	TLS certificate errors will be ignored for this session
1596151076366	Marionette	INFO	Stopped listening on port 56586

###!!! [Child][RunMessage] Error: Channel closing: too late to send/recv, messages will be lost


###!!! [Child][MessageChannel::SendAndWait] Error: ChannJavaScript error: resource://gre/modules/XULStore.jsm, line 66: Error: Can't find profile directory.
1596151080590	Marionette	INFO	Listening on port 56630
1596151080856	Marionette	WARN	TLS certificate errors will be ignored for this session
console.error: "Store does not have a valid reducer. Make sure the argument passed to combineReducers is an object whose values are reducers."
console.error: "Store does not have a valid reducer. Make sure the argument passed to combineReducers is an object whose values are reducers."
JavaScript error: , line 0: UnknownError: The operation failed for reasons unrelated to the database itself and not covered by any other error code.
1596151484291	Marionette	INFO	Stopped listening on port 56630

###!!! [Child][RunMessage] Error: Channel closing: too late to send/recv, messages will be lost


###!!! [Child][MessageChannel::SendAndWait] Error: Channel error: cannot send/recv

1596151490080	mozrunner::runner	INFO	Running command: "C:\\Program Files\\Mozilla Firefox\\firefox.exe" "-marionette" "-foreground" "-no-remote" "-profile" "C:\\Users\\dbuzvag\\AppData\\Local\\Temp\\rust_mozprofile5fm7U5"
JavaScript error: resource://gre/modules/XULStore.jsm, line 66: Error: Can't find profile directory.
1596151496589	Marionette	INFO	Listening on port 56724
1596151496692	Marionette	WARN	TLS certificate errors will be ignored for this session
JavaScript error: chrome://marionette/content/proxy.js, line 222: TypeError: this.browser.driver.dialogObserver is null
1596151540951	mozrunner::runner	INFO	Running command: "C:\\Program Files\\Mozilla Firefox\\firefox.exe" "-marionette" "-fJavaScript error: , line 0: UnknownError: The operation failed for reasons unrelated to the database JavaScript error: resource://gre/modules/XULStore.jsm, line 66: Error: Can't find profile directory.
1596151546300	Marionette	INFO	Listening on port 56771
1596151546369	Marionette	WARN	TLS certificate errors will be ignored for this session
1596151581097	Marionette	INFO	Stopped listening on port 56771

###!!! [Child][RunMessage] Error: Channel closing: too late to send/recv, messages will be lost


###!!! [Child][MessageChannel::SendAndWait] Error: Channel error: cannot send/recv

1596151584451	mozrunner::runner	INFO	Running command: "C:\\Program Files\\Mozilla Firefox\\firefox.exe" "-marionette" "-foreground" "-no-remote" "-profile" "C:\\Users\\dbuzvag\\AppData\\Local\\Temp\\rust_mozprofilehbrKR0"
JavaScript error: resource://gre/modules/XULStore.jsm, line 66: Error: Can't find profile directory.
1596151590274	Marionette	INFO	Listening on port 56813
1596151590458	Marionette	WARN	TLS certificate errors will be ignored for this session
JavaScript error: , line 0: UnknownError: The operation failed for reasons unrelated to the database itself and not covered by any other error code.
1596151633291	Marionette	INFO	Stopped listening on port 56813

###!!! [Child][RunMessage] Error: Channel closing: too late to send/recv, messages will be lost


###!!! [Child][MessageChannel::SendAndWait] Error: Channel error: cannot send/recv

1596151636675	mozrunner::runner	INFO	Running command: "C:\\Program Files\\Mozilla Firefox\\firefox.exe" "-marionette" "-foreground" "-no-remote" "-profile" "C:\\Users\\dbuzvag\\AppData\\Local\\Temp\\rust_mozprofileuA3Pb3"
JavaScript error: resource://gre/modules/XULStore.jsm, line 66: Error: Can't find profile directory.
1596151641422	Marionette	INFO	Listening on port 56856
1596151641578	Marionette	WARN	TLS certificate errors will be ignored for this session
console.error: "Store does not have a valid reducer. Make sure the argument passed to combineReducers is an object whose values are reducers."
1596151746232	Marionette	INFO	Stopped listening on port 56856

###!!! [Child][RunMessage] Error: Channel closing: too late to send/recv, messages will be lost


###!!! [Child][MessageChannel::SendAndWait] Error: Channel error: cannot send/recv

1596151752417	mozrunner::runner	INFO	Running command: "C:\\Program Files\\Mozilla Firefox\\firefox.exe" "-marionette" "-foreground" "-no-remote" "-profile" "C:\\Users\\dbuzvag\\AppData\\Local\\Temp\\rust_mozprofilemINcMx"
JavaScript error: resource://gre/modules/XULStore.jsm, line 66: Error: Can't find profile directory.
1596151757091	Marionette	INFO	Listening on port 56911
1596151757328	Marionette	WARN	TLS certificate errors will be ignored for this session
1596151798945	mozrunner::runner	INFO	Running command: "C:\\Program Files\\Mozilla Firefox\\firefox.exe" "-marionette" "-foreground" "-no-remote" "-profile" "C:\\Users\\dbuzvag\\AppData\\Local\\Temp\\rust_mozprofilegKZnhU"
JavaScript error: resource://gre/modules/XULStore.jsm, line 66: Error: Can't find profile directory.
1596151804523	Marionette	INFO	Listening on port 56953
1596151805016	Marionette	WARN	TLS certificate errors will be ignored for this session
JavaScript error: , line 0: AbortError: A request was aborted, for example through a call to IDBTransaction.abort.
1596151845954	Marionette	INFO	Stopped listening on port 56953

###!!! [Child][RunMessage] Error: Channel closing: too late to send/recv, messages will be lost


###!!! [Child][MessageChannel::SendAndWait] Error: Channel error: cannot send/recv

1596151852209	mozrunner::runner	INFO	Running command: "C:\\Program Files\\Mozilla Firefox\\firefox.exe" "-marionette" "-foreground" "-no-remote" "-profile" "C:\\Users\\dbuzvag\\AppData\\Local\\Temp\\rust_mozprofileT2i2g3"
JavaScript error: resource://gre/modules/XULStore.jsm, line 66: Error: Can't find profile directory.
1596151857521	Marionette	INFO	Listening on port 57007
1596151857624	Marionette	WARN	TLS certificate errors will be ignored for this session
JavaScript error: resource://gre/modules/IndexedDB.jsm, line 370: UnknownError: IDBDatabase.transaction: Can't start IndexedDB transaction during shutdown
1596155886200	Marionette	INFO	Stopped listening on port 57007

###!!! [Child][RunMessage] Error: Channel closing: too late to send/recv, messages will be lost


###!!! [Child][MessageChannel::SendAndWait] Error: Channel error: cannot send/recv

1596155914257	mozrunner::runner	INFO	Running command: "C:\\Program Files\\Mozilla Firefox\\firefox.exe" "-marionette" "-foreground" "-no-remote" "-profile" "C:\\Users\\dbuzvag\\AppData\\Local\\Temp\\rust_mozprofileLT9mL6"
JavaScript error: resource://gre/modules/XULStore.jsm, line 66: Error: Can't find profile directory.
1596155919817	Marionette	INFO	Listening on port 57111
1596155920325	Marionette	WARN	TLS certificate errors will be ignored for this session
1596155935288	Marionette	INFO	Stopped listening on port 57111

###!!! [Child][RunMessage] Error: Channel closing: too late to send/recv, messages will be lost


###!!! [Child][MessageChannel::SendAndWait] Error: Channel error: cannot send/recv

1596164397346	mozrunner::runner	INFO	Running command: "C:\\Program Files\\Mozilla Firefox\\firefox.exe" "-marionette" "-foreground" "-no-remote" "-profile" "C:\\Users\\dbuzvag\\AppData\\Local\\Temp\\rust_mozprofileUlBezk"
1596164480042	mozrunner::runner	INFO	Running command: "C:\\Program Files\\Mozilla Firefox\\firefox.exe" "-marionette" "-foreground" "-no-remote" "-profile" "C:\\Users\\dbuzvag\\AppData\\Local\\Temp\\rust_mozprofile54nipJ"
JavaScript error: resource://gre/modules/XULStore.jsm, line 66: Error: Can't find profile directory.
console.error: SearchCache: "_readCacheFile: Error reading cache file:" (new Error("", "(unknown module)"))
1596164484903	Marionette	INFO	Listening on port 57282
1596164484951	Marionette	WARN	TLS certificate errors will be ignored for this session
1596164499936	Marionette	INFO	Stopped listening on port 57282

###!!! [Child][RunMessage] Error: Channel closing: too late to send/recv, messages will be lost


###!!! [Child][MessageChannel::SendAndWait] Error: Channel error: cannot send/recv

